<?xml version="1.0" encoding="UTF-8"?>
<testng-results ignored="0" total="1" passed="1" failed="0" skipped="0">
  <reporter-output>
  </reporter-output>
  <suite started-at="2024-09-16T22:36:49 IST" name="Default suite" finished-at="2024-09-16T22:37:04 IST" duration-ms="14535">
    <groups>
    </groups>
    <test started-at="2024-09-16T22:36:49 IST" name="Default test" finished-at="2024-09-16T22:37:04 IST" duration-ms="14535">
      <class name="com.project.SeleniumTutorialsByVARSHA.Xpath_Scenarios">
        <test-method signature="xpath()[pri:0, instance:com.project.SeleniumTutorialsByVARSHA.Xpath_Scenarios@5562c41e]" started-at="2024-09-16T22:36:49 IST" name="xpath" finished-at="2024-09-16T22:37:04 IST" duration-ms="14499" status="PASS">
          <reporter-output>
          </reporter-output>
        </test-method> <!-- xpath -->
      </class> <!-- com.project.SeleniumTutorialsByVARSHA.Xpath_Scenarios -->
    </test> <!-- Default test -->
  </suite> <!-- Default suite -->
</testng-results>
